<?xml version="1.0" encoding="UTF-8"?>
<coverage generated="1671828926219" clover="3.2.0">
  <project timestamp="1671828926219" name="All files">
    <metrics statements="48" coveredstatements="48" conditionals="4" coveredconditionals="4" methods="10" coveredmethods="10" elements="62" coveredelements="62" complexity="0" loc="48" ncloc="48" packages="1" files="3" classes="3"/>
    <file name="complementos.js" path="C:\Users\rodri\Downloads\POKEDEX\pokedex\modules\ui\complementos.js">
      <metrics statements="5" coveredstatements="5" conditionals="0" coveredconditionals="0" methods="4" coveredmethods="4"/>
      <line num="2" count="2" type="stmt"/>
      <line num="3" count="22" type="stmt"/>
      <line num="4" count="22" type="stmt"/>
      <line num="9" count="1" type="stmt"/>
      <line num="10" count="58" type="stmt"/>
    </file>
    <file name="paginador.js" path="C:\Users\rodri\Downloads\POKEDEX\pokedex\modules\ui\paginador.js">
      <metrics statements="11" coveredstatements="11" conditionals="0" coveredconditionals="0" methods="1" coveredmethods="1"/>
      <line num="4" count="1" type="stmt"/>
      <line num="5" count="1" type="stmt"/>
      <line num="6" count="58" type="stmt"/>
      <line num="7" count="58" type="stmt"/>
      <line num="8" count="58" type="stmt"/>
      <line num="9" count="58" type="stmt"/>
      <line num="10" count="58" type="stmt"/>
      <line num="11" count="58" type="stmt"/>
      <line num="12" count="58" type="stmt"/>
      <line num="13" count="58" type="stmt"/>
      <line num="14" count="58" type="stmt"/>
    </file>
    <file name="pokeprops.js" path="C:\Users\rodri\Downloads\POKEDEX\pokedex\modules\ui\pokeprops.js">
      <metrics statements="32" coveredstatements="32" conditionals="4" coveredconditionals="4" methods="5" coveredmethods="5"/>
      <line num="4" count="1" type="stmt"/>
      <line num="5" count="1" type="stmt"/>
      <line num="6" count="1" type="stmt"/>
      <line num="7" count="3" type="stmt"/>
      <line num="8" count="3" type="stmt"/>
      <line num="15" count="3" type="stmt"/>
      <line num="16" count="3" type="stmt"/>
      <line num="17" count="3" type="stmt"/>
      <line num="18" count="3" type="stmt"/>
      <line num="19" count="3" type="stmt"/>
      <line num="20" count="3" type="stmt"/>
      <line num="25" count="3" type="stmt"/>
      <line num="27" count="3" type="stmt"/>
      <line num="28" count="3" type="stmt"/>
      <line num="29" count="3" type="stmt"/>
      <line num="30" count="3" type="stmt"/>
      <line num="31" count="3" type="stmt"/>
      <line num="32" count="3" type="stmt"/>
      <line num="34" count="3" type="cond" truecount="2" falsecount="0"/>
      <line num="35" count="1" type="stmt"/>
      <line num="36" count="1" type="stmt"/>
      <line num="37" count="2" type="cond" truecount="2" falsecount="0"/>
      <line num="38" count="1" type="stmt"/>
      <line num="39" count="1" type="stmt"/>
      <line num="41" count="1" type="stmt"/>
      <line num="42" count="1" type="stmt"/>
      <line num="45" count="3" type="stmt"/>
      <line num="46" count="3" type="stmt"/>
      <line num="47" count="3" type="stmt"/>
      <line num="48" count="3" type="stmt"/>
      <line num="49" count="6" type="stmt"/>
      <line num="51" count="3" type="stmt"/>
    </file>
  </project>
</coverage>
