<?xml version="1.0" encoding="UTF-8"?>
<coverage generated="1671822152302" clover="3.2.0">
  <project timestamp="1671822152302" name="All files">
    <metrics statements="44" coveredstatements="44" conditionals="4" coveredconditionals="4" methods="8" coveredmethods="8" elements="56" coveredelements="56" complexity="0" loc="44" ncloc="44" packages="1" files="3" classes="3"/>
    <file name="complementos.js" path="C:\Users\rodri\Downloads\POKEDEX\pokedex\modules\ui\complementos.js">
      <metrics statements="2" coveredstatements="2" conditionals="0" coveredconditionals="0" methods="2" coveredmethods="2"/>
      <line num="9" count="1" type="stmt"/>
      <line num="10" count="58" type="stmt"/>
    </file>
    <file name="paginador.js" path="C:\Users\rodri\Downloads\POKEDEX\pokedex\modules\ui\paginador.js">
      <metrics statements="11" coveredstatements="11" conditionals="0" coveredconditionals="0" methods="1" coveredmethods="1"/>
      <line num="4" count="2" type="stmt"/>
      <line num="5" count="2" type="stmt"/>
      <line num="6" count="116" type="stmt"/>
      <line num="7" count="116" type="stmt"/>
      <line num="8" count="116" type="stmt"/>
      <line num="9" count="116" type="stmt"/>
      <line num="10" count="116" type="stmt"/>
      <line num="11" count="116" type="stmt"/>
      <line num="12" count="116" type="stmt"/>
      <line num="13" count="116" type="stmt"/>
      <line num="14" count="116" type="stmt"/>
    </file>
    <file name="pokeprops.js" path="C:\Users\rodri\Downloads\POKEDEX\pokedex\modules\ui\pokeprops.js">
      <metrics statements="31" coveredstatements="31" conditionals="4" coveredconditionals="4" methods="5" coveredmethods="5"/>
      <line num="3" count="1" type="stmt"/>
      <line num="5" count="1" type="stmt"/>
      <line num="6" count="3" type="stmt"/>
      <line num="7" count="3" type="stmt"/>
      <line num="14" count="3" type="stmt"/>
      <line num="15" count="3" type="stmt"/>
      <line num="16" count="3" type="stmt"/>
      <line num="17" count="3" type="stmt"/>
      <line num="18" count="3" type="stmt"/>
      <line num="19" count="3" type="stmt"/>
      <line num="24" count="3" type="stmt"/>
      <line num="26" count="3" type="stmt"/>
      <line num="27" count="3" type="stmt"/>
      <line num="28" count="3" type="stmt"/>
      <line num="29" count="3" type="stmt"/>
      <line num="30" count="3" type="stmt"/>
      <line num="31" count="3" type="stmt"/>
      <line num="33" count="3" type="cond" truecount="2" falsecount="0"/>
      <line num="34" count="1" type="stmt"/>
      <line num="35" count="1" type="stmt"/>
      <line num="36" count="2" type="cond" truecount="2" falsecount="0"/>
      <line num="37" count="1" type="stmt"/>
      <line num="38" count="1" type="stmt"/>
      <line num="40" count="1" type="stmt"/>
      <line num="41" count="1" type="stmt"/>
      <line num="44" count="3" type="stmt"/>
      <line num="45" count="3" type="stmt"/>
      <line num="46" count="3" type="stmt"/>
      <line num="47" count="3" type="stmt"/>
      <line num="48" count="6" type="stmt"/>
      <line num="50" count="3" type="stmt"/>
    </file>
  </project>
</coverage>
