{"C:\\Users\\rodri\\Downloads\\POKEDEX\\pokedex\\modules\\ui\\complementos.js": {"path":"C:\\Users\\rodri\\Downloads\\POKEDEX\\pokedex\\modules\\ui\\complementos.js","statementMap":{"0":{"start":{"line":9,"column":4},"end":{"line":11,"column":7}},"1":{"start":{"line":10,"column":6},"end":{"line":10,"column":42}}},"fnMap":{"0":{"name":"desmarcarPaginaActiva","decl":{"start":{"line":8,"column":16},"end":{"line":8,"column":37}},"loc":{"start":{"line":8,"column":49},"end":{"line":12,"column":1}},"line":8},"1":{"name":"(anonymous_1)","decl":{"start":{"line":9,"column":22},"end":{"line":9,"column":23}},"loc":{"start":{"line":9,"column":36},"end":{"line":11,"column":5}},"line":9}},"branchMap":{},"s":{"0":1,"1":58},"f":{"0":1,"1":58},"b":{},"_coverageSchema":"1a1c01bbd47fc00a2c39e90264f33305004495a9","hash":"15b542a9942655d07db4d4b9ec355194eabf5e2b"}
,"C:\\Users\\rodri\\Downloads\\POKEDEX\\pokedex\\modules\\ui\\paginador.js": {"path":"C:\\Users\\rodri\\Downloads\\POKEDEX\\pokedex\\modules\\ui\\paginador.js","statementMap":{"0":{"start":{"line":4,"column":21},"end":{"line":4,"column":57}},"1":{"start":{"line":5,"column":4},"end":{"line":16,"column":1}},"2":{"start":{"line":5,"column":14},"end":{"line":5,"column":15}},"3":{"start":{"line":6,"column":18},"end":{"line":6,"column":24}},"4":{"start":{"line":7,"column":13},"end":{"line":7,"column":41}},"5":{"start":{"line":8,"column":4},"end":{"line":8,"column":41}},"6":{"start":{"line":9,"column":4},"end":{"line":9,"column":92}},"7":{"start":{"line":10,"column":12},"end":{"line":10,"column":39}},"8":{"start":{"line":11,"column":4},"end":{"line":11,"column":40}},"9":{"start":{"line":12,"column":4},"end":{"line":12,"column":27}},"10":{"start":{"line":13,"column":4},"end":{"line":13,"column":22}},"11":{"start":{"line":14,"column":4},"end":{"line":14,"column":31}}},"fnMap":{"0":{"name":"crearPaginador","decl":{"start":{"line":2,"column":24},"end":{"line":2,"column":38}},"loc":{"start":{"line":2,"column":41},"end":{"line":18,"column":1}},"line":2}},"branchMap":{},"s":{"0":2,"1":2,"2":2,"3":116,"4":116,"5":116,"6":116,"7":116,"8":116,"9":116,"10":116,"11":116},"f":{"0":2},"b":{},"_coverageSchema":"1a1c01bbd47fc00a2c39e90264f33305004495a9","hash":"6144dcb1b062a4d76507a0729e2ecf946e432c25"}
,"C:\\Users\\rodri\\Downloads\\POKEDEX\\pokedex\\modules\\ui\\pokeprops.js": {"path":"C:\\Users\\rodri\\Downloads\\POKEDEX\\pokedex\\modules\\ui\\pokeprops.js","statementMap":{"0":{"start":{"line":3,"column":21},"end":{"line":3,"column":54}},"1":{"start":{"line":5,"column":4},"end":{"line":8,"column":7}},"2":{"start":{"line":6,"column":6},"end":{"line":6,"column":54}},"3":{"start":{"line":7,"column":6},"end":{"line":7,"column":61}},"4":{"start":{"line":14,"column":4},"end":{"line":14,"column":36}},"5":{"start":{"line":15,"column":4},"end":{"line":15,"column":30}},"6":{"start":{"line":16,"column":4},"end":{"line":16,"column":28}},"7":{"start":{"line":17,"column":4},"end":{"line":17,"column":28}},"8":{"start":{"line":18,"column":4},"end":{"line":18,"column":67}},"9":{"start":{"line":19,"column":4},"end":{"line":19,"column":50}},"10":{"start":{"line":24,"column":15},"end":{"line":24,"column":34}},"11":{"start":{"line":26,"column":21},"end":{"line":26,"column":23}},"12":{"start":{"line":27,"column":20},"end":{"line":27,"column":57}},"13":{"start":{"line":28,"column":20},"end":{"line":28,"column":53}},"14":{"start":{"line":29,"column":18},"end":{"line":29,"column":49}},"15":{"start":{"line":30,"column":18},"end":{"line":30,"column":49}},"16":{"start":{"line":31,"column":20},"end":{"line":31,"column":55}},"17":{"start":{"line":33,"column":4},"end":{"line":42,"column":5}},"18":{"start":{"line":34,"column":6},"end":{"line":34,"column":39}},"19":{"start":{"line":35,"column":6},"end":{"line":35,"column":56}},"20":{"start":{"line":36,"column":11},"end":{"line":42,"column":5}},"21":{"start":{"line":37,"column":6},"end":{"line":37,"column":39}},"22":{"start":{"line":38,"column":6},"end":{"line":38,"column":57}},"23":{"start":{"line":40,"column":6},"end":{"line":40,"column":56}},"24":{"start":{"line":41,"column":6},"end":{"line":41,"column":51}},"25":{"start":{"line":44,"column":4},"end":{"line":44,"column":45}},"26":{"start":{"line":45,"column":4},"end":{"line":45,"column":50}},"27":{"start":{"line":46,"column":4},"end":{"line":46,"column":51}},"28":{"start":{"line":47,"column":4},"end":{"line":49,"column":7}},"29":{"start":{"line":48,"column":6},"end":{"line":48,"column":34}},"30":{"start":{"line":50,"column":4},"end":{"line":50,"column":38}}},"fnMap":{"0":{"name":"completarCuadros","decl":{"start":{"line":2,"column":16},"end":{"line":2,"column":32}},"loc":{"start":{"line":2,"column":43},"end":{"line":9,"column":1}},"line":2},"1":{"name":"(anonymous_1)","decl":{"start":{"line":5,"column":21},"end":{"line":5,"column":22}},"loc":{"start":{"line":5,"column":32},"end":{"line":8,"column":5}},"line":5},"2":{"name":"(anonymous_2)","decl":{"start":{"line":13,"column":2},"end":{"line":13,"column":3}},"loc":{"start":{"line":13,"column":22},"end":{"line":20,"column":3}},"line":13},"3":{"name":"asignarPropiedadesPokes","decl":{"start":{"line":23,"column":16},"end":{"line":23,"column":39}},"loc":{"start":{"line":23,"column":48},"end":{"line":51,"column":3}},"line":23},"4":{"name":"(anonymous_4)","decl":{"start":{"line":47,"column":23},"end":{"line":47,"column":24}},"loc":{"start":{"line":47,"column":31},"end":{"line":49,"column":5}},"line":47}},"branchMap":{"0":{"loc":{"start":{"line":33,"column":4},"end":{"line":42,"column":5}},"type":"if","locations":[{"start":{"line":33,"column":4},"end":{"line":42,"column":5}},{"start":{"line":36,"column":11},"end":{"line":42,"column":5}}],"line":33},"1":{"loc":{"start":{"line":36,"column":11},"end":{"line":42,"column":5}},"type":"if","locations":[{"start":{"line":36,"column":11},"end":{"line":42,"column":5}},{"start":{"line":39,"column":11},"end":{"line":42,"column":5}}],"line":36}},"s":{"0":1,"1":1,"2":3,"3":3,"4":3,"5":3,"6":3,"7":3,"8":3,"9":3,"10":3,"11":3,"12":3,"13":3,"14":3,"15":3,"16":3,"17":3,"18":1,"19":1,"20":2,"21":1,"22":1,"23":1,"24":1,"25":3,"26":3,"27":3,"28":3,"29":6,"30":3},"f":{"0":1,"1":3,"2":3,"3":3,"4":6},"b":{"0":[1,2],"1":[1,1]},"_coverageSchema":"1a1c01bbd47fc00a2c39e90264f33305004495a9","hash":"f484e44e88fd31e0cb094d0c711aab031d6a0e70"}
}
