{"C:\\Users\\rodri\\Downloads\\POKEDEX\\pokedex\\modules\\ui\\complementos.js": {"path":"C:\\Users\\rodri\\Downloads\\POKEDEX\\pokedex\\modules\\ui\\complementos.js","statementMap":{"0":{"start":{"line":2,"column":4},"end":{"line":5,"column":7}},"1":{"start":{"line":3,"column":6},"end":{"line":3,"column":32}},"2":{"start":{"line":4,"column":6},"end":{"line":4,"column":39}},"3":{"start":{"line":9,"column":4},"end":{"line":11,"column":7}},"4":{"start":{"line":10,"column":6},"end":{"line":10,"column":42}}},"fnMap":{"0":{"name":"removerTexto","decl":{"start":{"line":1,"column":16},"end":{"line":1,"column":28}},"loc":{"start":{"line":1,"column":40},"end":{"line":6,"column":1}},"line":1},"1":{"name":"(anonymous_1)","decl":{"start":{"line":2,"column":22},"end":{"line":2,"column":23}},"loc":{"start":{"line":2,"column":36},"end":{"line":5,"column":5}},"line":2},"2":{"name":"desmarcarPaginaActiva","decl":{"start":{"line":8,"column":16},"end":{"line":8,"column":37}},"loc":{"start":{"line":8,"column":49},"end":{"line":12,"column":1}},"line":8},"3":{"name":"(anonymous_3)","decl":{"start":{"line":9,"column":22},"end":{"line":9,"column":23}},"loc":{"start":{"line":9,"column":36},"end":{"line":11,"column":5}},"line":9}},"branchMap":{},"s":{"0":2,"1":22,"2":22,"3":1,"4":58},"f":{"0":2,"1":22,"2":1,"3":58},"b":{},"_coverageSchema":"1a1c01bbd47fc00a2c39e90264f33305004495a9","hash":"f6e3c468c5d81ae12c6f43a646b37ce5f3d24939"}
,"C:\\Users\\rodri\\Downloads\\POKEDEX\\pokedex\\modules\\ui\\paginador.js": {"path":"C:\\Users\\rodri\\Downloads\\POKEDEX\\pokedex\\modules\\ui\\paginador.js","statementMap":{"0":{"start":{"line":4,"column":21},"end":{"line":4,"column":57}},"1":{"start":{"line":5,"column":4},"end":{"line":16,"column":1}},"2":{"start":{"line":5,"column":14},"end":{"line":5,"column":15}},"3":{"start":{"line":6,"column":18},"end":{"line":6,"column":24}},"4":{"start":{"line":7,"column":13},"end":{"line":7,"column":41}},"5":{"start":{"line":8,"column":4},"end":{"line":8,"column":41}},"6":{"start":{"line":9,"column":4},"end":{"line":9,"column":92}},"7":{"start":{"line":10,"column":12},"end":{"line":10,"column":39}},"8":{"start":{"line":11,"column":4},"end":{"line":11,"column":40}},"9":{"start":{"line":12,"column":4},"end":{"line":12,"column":27}},"10":{"start":{"line":13,"column":4},"end":{"line":13,"column":22}},"11":{"start":{"line":14,"column":4},"end":{"line":14,"column":31}}},"fnMap":{"0":{"name":"crearPaginador","decl":{"start":{"line":2,"column":24},"end":{"line":2,"column":38}},"loc":{"start":{"line":2,"column":41},"end":{"line":18,"column":1}},"line":2}},"branchMap":{},"s":{"0":1,"1":1,"2":1,"3":58,"4":58,"5":58,"6":58,"7":58,"8":58,"9":58,"10":58,"11":58},"f":{"0":1},"b":{},"_coverageSchema":"1a1c01bbd47fc00a2c39e90264f33305004495a9","hash":"6144dcb1b062a4d76507a0729e2ecf946e432c25"}
,"C:\\Users\\rodri\\Downloads\\POKEDEX\\pokedex\\modules\\ui\\pokeprops.js": {"path":"C:\\Users\\rodri\\Downloads\\POKEDEX\\pokedex\\modules\\ui\\pokeprops.js","statementMap":{"0":{"start":{"line":4,"column":21},"end":{"line":4,"column":54}},"1":{"start":{"line":5,"column":4},"end":{"line":5,"column":27}},"2":{"start":{"line":6,"column":4},"end":{"line":9,"column":7}},"3":{"start":{"line":7,"column":6},"end":{"line":7,"column":54}},"4":{"start":{"line":8,"column":6},"end":{"line":8,"column":61}},"5":{"start":{"line":15,"column":4},"end":{"line":15,"column":36}},"6":{"start":{"line":16,"column":4},"end":{"line":16,"column":30}},"7":{"start":{"line":17,"column":4},"end":{"line":17,"column":28}},"8":{"start":{"line":18,"column":4},"end":{"line":18,"column":28}},"9":{"start":{"line":19,"column":4},"end":{"line":19,"column":67}},"10":{"start":{"line":20,"column":4},"end":{"line":20,"column":50}},"11":{"start":{"line":25,"column":15},"end":{"line":25,"column":34}},"12":{"start":{"line":27,"column":21},"end":{"line":27,"column":23}},"13":{"start":{"line":28,"column":20},"end":{"line":28,"column":57}},"14":{"start":{"line":29,"column":20},"end":{"line":29,"column":53}},"15":{"start":{"line":30,"column":18},"end":{"line":30,"column":49}},"16":{"start":{"line":31,"column":18},"end":{"line":31,"column":49}},"17":{"start":{"line":32,"column":20},"end":{"line":32,"column":55}},"18":{"start":{"line":34,"column":4},"end":{"line":43,"column":5}},"19":{"start":{"line":35,"column":6},"end":{"line":35,"column":39}},"20":{"start":{"line":36,"column":6},"end":{"line":36,"column":56}},"21":{"start":{"line":37,"column":11},"end":{"line":43,"column":5}},"22":{"start":{"line":38,"column":6},"end":{"line":38,"column":39}},"23":{"start":{"line":39,"column":6},"end":{"line":39,"column":57}},"24":{"start":{"line":41,"column":6},"end":{"line":41,"column":56}},"25":{"start":{"line":42,"column":6},"end":{"line":42,"column":51}},"26":{"start":{"line":45,"column":4},"end":{"line":45,"column":45}},"27":{"start":{"line":46,"column":4},"end":{"line":46,"column":50}},"28":{"start":{"line":47,"column":4},"end":{"line":47,"column":51}},"29":{"start":{"line":48,"column":4},"end":{"line":50,"column":7}},"30":{"start":{"line":49,"column":6},"end":{"line":49,"column":34}},"31":{"start":{"line":51,"column":4},"end":{"line":51,"column":38}}},"fnMap":{"0":{"name":"completarCuadros","decl":{"start":{"line":3,"column":16},"end":{"line":3,"column":32}},"loc":{"start":{"line":3,"column":43},"end":{"line":10,"column":1}},"line":3},"1":{"name":"(anonymous_1)","decl":{"start":{"line":6,"column":21},"end":{"line":6,"column":22}},"loc":{"start":{"line":6,"column":32},"end":{"line":9,"column":5}},"line":6},"2":{"name":"(anonymous_2)","decl":{"start":{"line":14,"column":2},"end":{"line":14,"column":3}},"loc":{"start":{"line":14,"column":22},"end":{"line":21,"column":3}},"line":14},"3":{"name":"asignarPropiedadesPokes","decl":{"start":{"line":24,"column":16},"end":{"line":24,"column":39}},"loc":{"start":{"line":24,"column":48},"end":{"line":52,"column":3}},"line":24},"4":{"name":"(anonymous_4)","decl":{"start":{"line":48,"column":23},"end":{"line":48,"column":24}},"loc":{"start":{"line":48,"column":31},"end":{"line":50,"column":5}},"line":48}},"branchMap":{"0":{"loc":{"start":{"line":34,"column":4},"end":{"line":43,"column":5}},"type":"if","locations":[{"start":{"line":34,"column":4},"end":{"line":43,"column":5}},{"start":{"line":37,"column":11},"end":{"line":43,"column":5}}],"line":34},"1":{"loc":{"start":{"line":37,"column":11},"end":{"line":43,"column":5}},"type":"if","locations":[{"start":{"line":37,"column":11},"end":{"line":43,"column":5}},{"start":{"line":40,"column":11},"end":{"line":43,"column":5}}],"line":37}},"s":{"0":1,"1":1,"2":1,"3":3,"4":3,"5":3,"6":3,"7":3,"8":3,"9":3,"10":3,"11":3,"12":3,"13":3,"14":3,"15":3,"16":3,"17":3,"18":3,"19":1,"20":1,"21":2,"22":1,"23":1,"24":1,"25":1,"26":3,"27":3,"28":3,"29":3,"30":6,"31":3},"f":{"0":1,"1":3,"2":3,"3":3,"4":6},"b":{"0":[1,2],"1":[1,1]},"_coverageSchema":"1a1c01bbd47fc00a2c39e90264f33305004495a9","hash":"1b31904432fd82623c1457284980692f2c99b26f"}
}
