TN:
SF:modules\ui\complementos.js
FN:8,desmarcarPaginaActiva
FN:9,(anonymous_1)
FNF:2
FNH:2
FNDA:1,desmarcarPaginaActiva
FNDA:58,(anonymous_1)
DA:9,1
DA:10,58
LF:2
LH:2
BRF:0
BRH:0
end_of_record
TN:
SF:modules\ui\paginador.js
FN:2,crearPaginador
FNF:1
FNH:1
FNDA:2,crearPaginador
DA:4,2
DA:5,2
DA:6,116
DA:7,116
DA:8,116
DA:9,116
DA:10,116
DA:11,116
DA:12,116
DA:13,116
DA:14,116
LF:11
LH:11
BRF:0
BRH:0
end_of_record
TN:
SF:modules\ui\pokeprops.js
FN:2,completarCuadros
FN:5,(anonymous_1)
FN:13,(anonymous_2)
FN:23,asignarPropiedadesPokes
FN:47,(anonymous_4)
FNF:5
FNH:5
FNDA:1,completarCuadros
FNDA:3,(anonymous_1)
FNDA:3,(anonymous_2)
FNDA:3,asignarPropiedadesPokes
FNDA:6,(anonymous_4)
DA:3,1
DA:5,1
DA:6,3
DA:7,3
DA:14,3
DA:15,3
DA:16,3
DA:17,3
DA:18,3
DA:19,3
DA:24,3
DA:26,3
DA:27,3
DA:28,3
DA:29,3
DA:30,3
DA:31,3
DA:33,3
DA:34,1
DA:35,1
DA:36,2
DA:37,1
DA:38,1
DA:40,1
DA:41,1
DA:44,3
DA:45,3
DA:46,3
DA:47,3
DA:48,6
DA:50,3
LF:31
LH:31
BRDA:33,0,0,1
BRDA:33,0,1,2
BRDA:36,1,0,1
BRDA:36,1,1,1
BRF:4
BRH:4
end_of_record
