TN:
SF:modules\ui\complementos.js
FN:1,removerTexto
FN:2,(anonymous_1)
FN:8,desmarcarPaginaActiva
FN:9,(anonymous_3)
FNF:4
FNH:4
FNDA:2,removerTexto
FNDA:22,(anonymous_1)
FNDA:1,desmarcarPaginaActiva
FNDA:58,(anonymous_3)
DA:2,2
DA:3,22
DA:4,22
DA:9,1
DA:10,58
LF:5
LH:5
BRF:0
BRH:0
end_of_record
TN:
SF:modules\ui\paginador.js
FN:2,crearPaginador
FNF:1
FNH:1
FNDA:1,crearPaginador
DA:4,1
DA:5,1
DA:6,58
DA:7,58
DA:8,58
DA:9,58
DA:10,58
DA:11,58
DA:12,58
DA:13,58
DA:14,58
LF:11
LH:11
BRF:0
BRH:0
end_of_record
TN:
SF:modules\ui\pokeprops.js
FN:3,completarCuadros
FN:6,(anonymous_1)
FN:14,(anonymous_2)
FN:24,asignarPropiedadesPokes
FN:48,(anonymous_4)
FNF:5
FNH:5
FNDA:1,completarCuadros
FNDA:3,(anonymous_1)
FNDA:3,(anonymous_2)
FNDA:3,asignarPropiedadesPokes
FNDA:6,(anonymous_4)
DA:4,1
DA:5,1
DA:6,1
DA:7,3
DA:8,3
DA:15,3
DA:16,3
DA:17,3
DA:18,3
DA:19,3
DA:20,3
DA:25,3
DA:27,3
DA:28,3
DA:29,3
DA:30,3
DA:31,3
DA:32,3
DA:34,3
DA:35,1
DA:36,1
DA:37,2
DA:38,1
DA:39,1
DA:41,1
DA:42,1
DA:45,3
DA:46,3
DA:47,3
DA:48,3
DA:49,6
DA:51,3
LF:32
LH:32
BRDA:34,0,0,1
BRDA:34,0,1,2
BRDA:37,1,0,1
BRDA:37,1,1,1
BRF:4
BRH:4
end_of_record
